<?xml version="1.0" encoding="UTF-8"?>
<!-- Generated by org.testng.reporters.JUnitXMLReporter -->
<testsuite hostname="localhost" name="runall" tests="6" failures="0" timestamp="18 May 2018 15:22:13 GMT" time="0.041" errors="0">
  <testcase name="" time="0.006" classname="com.course.testCode.groups.groupTest1"/>
  <testcase name="" time="0.001" classname="com.course.testCode.groups.groupTest1"/>
  <testcase name="" time="0.0" classname="com.course.testCode.groups.groupTest2"/>
  <testcase name="" time="0.0" classname="com.course.testCode.groups.groupTest2"/>
  <testcase name="" time="0.001" classname="com.course.testCode.groups.groupTest3"/>
  <testcase name="" time="0.001" classname="com.course.testCode.groups.groupTest3"/>
</testsuite> <!-- runall -->
