<?xml version="1.0" encoding="UTF-8"?>
<!-- Generated by org.testng.reporters.JUnitXMLReporter -->
<testsuite hostname="localhost" name="runOnlyGroup1" tests="4" failures="0" timestamp="18 May 2018 15:22:13 GMT" time="0.017" errors="0">
  <testcase name="" time="0.0" classname="com.course.testCode.groups.groupTest1"/>
  <testcase name="" time="0.004" classname="com.course.testCode.groups.groupTest1"/>
  <testcase name="" time="0.001" classname="com.course.testCode.groups.groupTest2"/>
  <testcase name="" time="0.001" classname="com.course.testCode.groups.groupTest2"/>
</testsuite> <!-- runOnlyGroup1 -->
