<?xml version="1.0" encoding="UTF-8"?>
<testng-results skipped="0" failed="0" total="10" passed="10">
  <reporter-output>
  </reporter-output>
  <suite name="ggg" duration-ms="130" started-at="2018-05-18T15:22:13Z" finished-at="2018-05-18T15:22:13Z">
    <groups>
      <group name="group2">
        <method signature="groupTest3.testGroup1()[pri:0, instance:com.course.testCode.groups.groupTest3@1ae369b7]" name="testGroup1" class="com.course.testCode.groups.groupTest3"/>
        <method signature="groupTest3.testGroup2()[pri:0, instance:com.course.testCode.groups.groupTest3@1ae369b7]" name="testGroup2" class="com.course.testCode.groups.groupTest3"/>
      </group> <!-- group2 -->
      <group name="group1">
        <method signature="groupTest1.testGroup1()[pri:0, instance:com.course.testCode.groups.groupTest1@7cdbc5d3]" name="testGroup1" class="com.course.testCode.groups.groupTest1"/>
        <method signature="groupTest1.testGroup2()[pri:0, instance:com.course.testCode.groups.groupTest1@7cdbc5d3]" name="testGroup2" class="com.course.testCode.groups.groupTest1"/>
        <method signature="groupTest2.testGroup1()[pri:0, instance:com.course.testCode.groups.groupTest2@3834d63f]" name="testGroup1" class="com.course.testCode.groups.groupTest2"/>
        <method signature="groupTest2.testGroup2()[pri:0, instance:com.course.testCode.groups.groupTest2@3834d63f]" name="testGroup2" class="com.course.testCode.groups.groupTest2"/>
        <method signature="groupTest1.testGroup1()[pri:0, instance:com.course.testCode.groups.groupTest1@4ec6a292]" name="testGroup1" class="com.course.testCode.groups.groupTest1"/>
        <method signature="groupTest1.testGroup2()[pri:0, instance:com.course.testCode.groups.groupTest1@4ec6a292]" name="testGroup2" class="com.course.testCode.groups.groupTest1"/>
        <method signature="groupTest2.testGroup1()[pri:0, instance:com.course.testCode.groups.groupTest2@1b40d5f0]" name="testGroup1" class="com.course.testCode.groups.groupTest2"/>
        <method signature="groupTest2.testGroup2()[pri:0, instance:com.course.testCode.groups.groupTest2@1b40d5f0]" name="testGroup2" class="com.course.testCode.groups.groupTest2"/>
      </group> <!-- group1 -->
    </groups>
    <test name="runall" duration-ms="41" started-at="2018-05-18T15:22:13Z" finished-at="2018-05-18T15:22:13Z">
      <class name="com.course.testCode.groups.groupTest1">
        <test-method status="PASS" signature="testGroup1()[pri:0, instance:com.course.testCode.groups.groupTest1@7cdbc5d3]" test-instance-name="" name="testGroup1" duration-ms="6" started-at="2018-05-18T23:22:13Z" finished-at="2018-05-18T23:22:13Z">
          <reporter-output>
          </reporter-output>
        </test-method> <!-- testGroup1 -->
        <test-method status="PASS" signature="testGroup2()[pri:0, instance:com.course.testCode.groups.groupTest1@7cdbc5d3]" test-instance-name="" name="testGroup2" duration-ms="1" started-at="2018-05-18T23:22:13Z" finished-at="2018-05-18T23:22:13Z">
          <reporter-output>
          </reporter-output>
        </test-method> <!-- testGroup2 -->
      </class> <!-- com.course.testCode.groups.groupTest1 -->
      <class name="com.course.testCode.groups.groupTest2">
        <test-method status="PASS" signature="testGroup1()[pri:0, instance:com.course.testCode.groups.groupTest2@3834d63f]" test-instance-name="" name="testGroup1" duration-ms="0" started-at="2018-05-18T23:22:13Z" finished-at="2018-05-18T23:22:13Z">
          <reporter-output>
          </reporter-output>
        </test-method> <!-- testGroup1 -->
        <test-method status="PASS" signature="testGroup2()[pri:0, instance:com.course.testCode.groups.groupTest2@3834d63f]" test-instance-name="" name="testGroup2" duration-ms="0" started-at="2018-05-18T23:22:13Z" finished-at="2018-05-18T23:22:13Z">
          <reporter-output>
          </reporter-output>
        </test-method> <!-- testGroup2 -->
      </class> <!-- com.course.testCode.groups.groupTest2 -->
      <class name="com.course.testCode.groups.groupTest3">
        <test-method status="PASS" signature="testGroup1()[pri:0, instance:com.course.testCode.groups.groupTest3@1ae369b7]" test-instance-name="" name="testGroup1" duration-ms="1" started-at="2018-05-18T23:22:13Z" finished-at="2018-05-18T23:22:13Z">
          <reporter-output>
          </reporter-output>
        </test-method> <!-- testGroup1 -->
        <test-method status="PASS" signature="testGroup2()[pri:0, instance:com.course.testCode.groups.groupTest3@1ae369b7]" test-instance-name="" name="testGroup2" duration-ms="1" started-at="2018-05-18T23:22:13Z" finished-at="2018-05-18T23:22:13Z">
          <reporter-output>
          </reporter-output>
        </test-method> <!-- testGroup2 -->
      </class> <!-- com.course.testCode.groups.groupTest3 -->
    </test> <!-- runall -->
    <test name="runOnlyGroup1" duration-ms="17" started-at="2018-05-18T15:22:13Z" finished-at="2018-05-18T15:22:13Z">
      <class name="com.course.testCode.groups.groupTest1">
        <test-method status="PASS" signature="testGroup1()[pri:0, instance:com.course.testCode.groups.groupTest1@4ec6a292]" test-instance-name="" name="testGroup1" duration-ms="0" started-at="2018-05-18T23:22:13Z" finished-at="2018-05-18T23:22:13Z">
          <reporter-output>
          </reporter-output>
        </test-method> <!-- testGroup1 -->
        <test-method status="PASS" signature="testGroup2()[pri:0, instance:com.course.testCode.groups.groupTest1@4ec6a292]" test-instance-name="" name="testGroup2" duration-ms="4" started-at="2018-05-18T23:22:13Z" finished-at="2018-05-18T23:22:13Z">
          <reporter-output>
          </reporter-output>
        </test-method> <!-- testGroup2 -->
      </class> <!-- com.course.testCode.groups.groupTest1 -->
      <class name="com.course.testCode.groups.groupTest2">
        <test-method status="PASS" signature="testGroup1()[pri:0, instance:com.course.testCode.groups.groupTest2@1b40d5f0]" test-instance-name="" name="testGroup1" duration-ms="1" started-at="2018-05-18T23:22:13Z" finished-at="2018-05-18T23:22:13Z">
          <reporter-output>
          </reporter-output>
        </test-method> <!-- testGroup1 -->
        <test-method status="PASS" signature="testGroup2()[pri:0, instance:com.course.testCode.groups.groupTest2@1b40d5f0]" test-instance-name="" name="testGroup2" duration-ms="1" started-at="2018-05-18T23:22:13Z" finished-at="2018-05-18T23:22:13Z">
          <reporter-output>
          </reporter-output>
        </test-method> <!-- testGroup2 -->
      </class> <!-- com.course.testCode.groups.groupTest2 -->
    </test> <!-- runOnlyGroup1 -->
  </suite> <!-- ggg -->
</testng-results>
